[debug] [2021-03-16T02:36:36.851Z] ----------------------------------------------------------------------
[debug] [2021-03-16T02:36:36.853Z] Command:       /usr/local/Cellar/node@10/10.19.0/bin/node /usr/local/bin/firebase serve --only functions
[debug] [2021-03-16T02:36:36.853Z] CLI Version:   7.13.0
[debug] [2021-03-16T02:36:36.853Z] Platform:      darwin
[debug] [2021-03-16T02:36:36.853Z] Node Version:  v10.19.0
[debug] [2021-03-16T02:36:36.855Z] Time:          Mon Mar 15 2021 23:36:36 GMT-0300 (Brasilia Standard Time)
[debug] [2021-03-16T02:36:36.855Z] ----------------------------------------------------------------------
[debug] [2021-03-16T02:36:36.855Z] 
[debug] [2021-03-16T02:36:36.880Z] > command requires scopes: ["email","openid","https://www.googleapis.com/auth/cloudplatformprojects.readonly","https://www.googleapis.com/auth/firebase","https://www.googleapis.com/auth/cloud-platform"]
[debug] [2021-03-16T02:36:36.881Z] > authorizing via signed-in user
[debug] [2021-03-16T02:36:36.881Z] [iam] checking project character-sheets-api for permissions ["firebase.projects.get"]
[debug] [2021-03-16T02:36:36.885Z] > refreshing access token with scopes: ["email","https://www.googleapis.com/auth/cloud-platform","https://www.googleapis.com/auth/cloudplatformprojects.readonly","https://www.googleapis.com/auth/firebase","openid"]
[debug] [2021-03-16T02:36:36.885Z] >>> HTTP REQUEST POST https://www.googleapis.com/oauth2/v3/token  
 <request body omitted>
[debug] [2021-03-16T02:36:37.154Z] <<< HTTP RESPONSE 200
[debug] [2021-03-16T02:36:37.176Z] >>> HTTP REQUEST POST https://cloudresourcemanager.googleapis.com/v1/projects/character-sheets-api:testIamPermissions  

[debug] [2021-03-16T02:36:38.156Z] <<< HTTP RESPONSE 200
[debug] [2021-03-16T02:36:38.158Z] >>> HTTP REQUEST GET https://firebase.googleapis.com/v1beta1/projects/character-sheets-api  
 
[debug] [2021-03-16T02:36:39.241Z] <<< HTTP RESPONSE 200
[info] ✔  functions: Using node@10 from host.
[info] ✔  functions: Emulator started at http://localhost:5000
[info] i  functions: Watching "/Users/outsmart/Documents/Projects/character-sheet-api/functions" for Cloud Functions...
[debug] [2021-03-16T02:36:39.311Z] [worker-pool] addWorker(~diagnostic~)
[debug] [2021-03-16T02:36:39.311Z] [worker-pool] Adding worker with key ~diagnostic~, total=1
[debug] [2021-03-16T02:36:39.311Z] [worker-pool] submitWork(triggerId=)
[debug] [2021-03-16T02:36:39.312Z] [worker-~diagnostic~-d8c62f6e-e90a-43c2-9118-8a453defb8a2]: Assigning socketPath: /var/folders/6m/mkvcf29s4cv2p9l5j4sxjzwh0000gn/T/fire_emu_78242.sock
[debug] [2021-03-16T02:36:39.321Z] [worker-~diagnostic~-d8c62f6e-e90a-43c2-9118-8a453defb8a2]: BUSY
[debug] [2021-03-16T02:36:40.194Z] [runtime-status] [78242] Functions runtime initialized. {"cwd":"/Users/outsmart/Documents/Projects/character-sheet-api/functions","node_version":"10.19.0"}
[debug] [2021-03-16T02:36:40.196Z] [runtime-status] [78242] Disabled runtime features: {"functions_config_helper":true,"network_filtering":true,"timeout":true,"memory_limiting":true,"admin_stubs":true,"pubsub_emulator":true}
[debug] [2021-03-16T02:36:40.201Z] [runtime-status] [78242] Resolved module firebase-admin {"declared":true,"installed":true,"version":"8.13.0","resolution":"/Users/outsmart/Documents/Projects/character-sheet-api/functions/node_modules/firebase-admin/lib/index.js"}
[debug] [2021-03-16T02:36:40.204Z] [runtime-status] [78242] Resolved module firebase-functions {"declared":true,"installed":true,"version":"3.13.2","resolution":"/Users/outsmart/Documents/Projects/character-sheet-api/functions/node_modules/firebase-functions/lib/index.js"}
[debug] [2021-03-16T02:36:40.206Z] [runtime-status] [78242] Resolved module firebase-functions {"declared":true,"installed":true,"version":"3.13.2","resolution":"/Users/outsmart/Documents/Projects/character-sheet-api/functions/node_modules/firebase-functions/lib/index.js"}
[info] ✔  functions[app]: http function initialized (http://localhost:5000/character-sheets-api/us-central1/app).
[debug] [2021-03-16T02:36:40.989Z] [worker-~diagnostic~-d8c62f6e-e90a-43c2-9118-8a453defb8a2]: IDLE
[debug] [2021-03-16T02:37:23.837Z] [work-queue] {"queueLength":1,"workRunningCount":0}
[debug] [2021-03-16T02:37:23.837Z] [work-queue] {"queueLength":0,"workRunningCount":1}
[debug] [2021-03-16T02:37:23.838Z] Accepted request POST /character-sheets-api/us-central1/app/cthulhu/sheet/create --> app
[debug] [2021-03-16T02:37:23.846Z] [worker-pool] addWorker(app)
[debug] [2021-03-16T02:37:23.847Z] [worker-pool] Adding worker with key app, total=1
[debug] [2021-03-16T02:37:23.847Z] [worker-pool] submitWork(triggerId=app)
[debug] [2021-03-16T02:37:23.847Z] [worker-app-f0e56026-4b73-4493-8e1d-17862d1baf76]: Assigning socketPath: /var/folders/6m/mkvcf29s4cv2p9l5j4sxjzwh0000gn/T/fire_emu_78297.sock
[debug] [2021-03-16T02:37:23.847Z] [worker-app-f0e56026-4b73-4493-8e1d-17862d1baf76]: BUSY
[debug] [2021-03-16T02:37:25.060Z] [runtime-status] [78297] Functions runtime initialized. {"cwd":"/Users/outsmart/Documents/Projects/character-sheet-api/functions","node_version":"10.19.0"}
[debug] [2021-03-16T02:37:25.064Z] [runtime-status] [78297] Disabled runtime features: {"functions_config_helper":true,"network_filtering":true,"timeout":true,"memory_limiting":true,"admin_stubs":true,"pubsub_emulator":true}
[debug] [2021-03-16T02:37:25.080Z] [runtime-status] [78297] Resolved module firebase-admin {"declared":true,"installed":true,"version":"8.13.0","resolution":"/Users/outsmart/Documents/Projects/character-sheet-api/functions/node_modules/firebase-admin/lib/index.js"}
[debug] [2021-03-16T02:37:25.083Z] [runtime-status] [78297] Resolved module firebase-functions {"declared":true,"installed":true,"version":"3.13.2","resolution":"/Users/outsmart/Documents/Projects/character-sheet-api/functions/node_modules/firebase-functions/lib/index.js"}
[debug] [2021-03-16T02:37:25.091Z] [runtime-status] [78297] Resolved module firebase-functions {"declared":true,"installed":true,"version":"3.13.2","resolution":"/Users/outsmart/Documents/Projects/character-sheet-api/functions/node_modules/firebase-functions/lib/index.js"}
[debug] [2021-03-16T02:37:25.859Z] [runtime-status] [78297] Trigger "app" has been found, beginning invocation!
[info] i  functions: Beginning execution of "app"
[debug] [2021-03-16T02:37:25.860Z] [runtime-status] [78297] triggerDefinition {"httpsTrigger":{},"name":"app","entryPoint":"app"}
[debug] [2021-03-16T02:37:25.860Z] [runtime-status] [78297] Running app in mode HTTPS
[debug] [2021-03-16T02:37:25.873Z] [runtime-status] [78297] Attempting to listen to socketPath: /var/folders/6m/mkvcf29s4cv2p9l5j4sxjzwh0000gn/T/fire_emu_78297.sock
[debug] [2021-03-16T02:37:25.883Z] [functions] Runtime ready! Sending request!
[debug] [2021-03-16T02:37:25.939Z] [runtime-status] [78297] Ephemeral server handling POST request
[debug] [2021-03-16T02:37:26.937Z] [runtime-status] [78297] Ephemeral server survived.
[info] i  functions: Finished "app" in ~1s
[debug] [2021-03-16T02:37:27.716Z] [worker-app-f0e56026-4b73-4493-8e1d-17862d1baf76]: IDLE
[debug] [2021-03-16T02:37:27.716Z] [work-queue] {"queueLength":0,"workRunningCount":0}
[debug] [2021-03-16T02:38:30.660Z] [work-queue] {"queueLength":1,"workRunningCount":0}
[debug] [2021-03-16T02:38:30.660Z] [work-queue] {"queueLength":0,"workRunningCount":1}
[debug] [2021-03-16T02:38:30.660Z] Accepted request POST /character-sheets-api/us-central1/app/cthulhu/sheet/get?sheetId=1615861946890 --> app
[debug] [2021-03-16T02:38:30.660Z] [worker-pool] submitWork(triggerId=app)
[debug] [2021-03-16T02:38:30.660Z] [worker-app-f0e56026-4b73-4493-8e1d-17862d1baf76]: Assigning socketPath: /var/folders/6m/mkvcf29s4cv2p9l5j4sxjzwh0000gn/T/fire_emu_78297.sock
[debug] [2021-03-16T02:38:30.660Z] [worker-app-f0e56026-4b73-4493-8e1d-17862d1baf76]: BUSY
[debug] [2021-03-16T02:38:30.662Z] [runtime-status] [78297] Trigger "app" has been found, beginning invocation!
[info] i  functions: Beginning execution of "app"
[debug] [2021-03-16T02:38:30.662Z] [runtime-status] [78297] triggerDefinition {"httpsTrigger":{},"name":"app","entryPoint":"app"}
[debug] [2021-03-16T02:38:30.663Z] [runtime-status] [78297] Running app in mode HTTPS
[debug] [2021-03-16T02:38:30.663Z] [runtime-status] [78297] Attempting to listen to socketPath: /var/folders/6m/mkvcf29s4cv2p9l5j4sxjzwh0000gn/T/fire_emu_78297.sock
[debug] [2021-03-16T02:38:30.669Z] [functions] Runtime ready! Sending request!
[debug] [2021-03-16T02:38:30.681Z] [runtime-status] [78297] Ephemeral server handling POST request
[debug] [2021-03-16T02:38:30.688Z] [runtime-status] [78297] Ephemeral server survived.
[info] i  functions: Finished "app" in ~1s
[debug] [2021-03-16T02:38:30.688Z] [worker-app-f0e56026-4b73-4493-8e1d-17862d1baf76]: IDLE
[debug] [2021-03-16T02:38:30.688Z] [work-queue] {"queueLength":0,"workRunningCount":0}
[debug] [2021-03-16T02:38:35.271Z] [work-queue] {"queueLength":1,"workRunningCount":0}
[debug] [2021-03-16T02:38:35.271Z] [work-queue] {"queueLength":0,"workRunningCount":1}
[debug] [2021-03-16T02:38:35.271Z] Accepted request GET /character-sheets-api/us-central1/app/cthulhu/sheet/get?sheetId=1615861946890 --> app
[debug] [2021-03-16T02:38:35.272Z] [worker-pool] submitWork(triggerId=app)
[debug] [2021-03-16T02:38:35.272Z] [worker-app-f0e56026-4b73-4493-8e1d-17862d1baf76]: Assigning socketPath: /var/folders/6m/mkvcf29s4cv2p9l5j4sxjzwh0000gn/T/fire_emu_78297.sock
[debug] [2021-03-16T02:38:35.272Z] [worker-app-f0e56026-4b73-4493-8e1d-17862d1baf76]: BUSY
[debug] [2021-03-16T02:38:35.273Z] [runtime-status] [78297] Trigger "app" has been found, beginning invocation!
[info] i  functions: Beginning execution of "app"
[debug] [2021-03-16T02:38:35.274Z] [runtime-status] [78297] triggerDefinition {"httpsTrigger":{},"name":"app","entryPoint":"app"}
[debug] [2021-03-16T02:38:35.274Z] [runtime-status] [78297] Running app in mode HTTPS
[debug] [2021-03-16T02:38:35.274Z] [runtime-status] [78297] Attempting to listen to socketPath: /var/folders/6m/mkvcf29s4cv2p9l5j4sxjzwh0000gn/T/fire_emu_78297.sock
[debug] [2021-03-16T02:38:35.282Z] [functions] Runtime ready! Sending request!
[debug] [2021-03-16T02:38:35.287Z] [runtime-status] [78297] Ephemeral server handling GET request
[info] >  Requested character of:  undefined  id
[debug] [2021-03-16T02:38:35.291Z] [runtime-status] [78297] Ephemeral server survived.
[info] i  functions: Finished "app" in ~1s
[debug] [2021-03-16T02:38:35.414Z] [worker-app-f0e56026-4b73-4493-8e1d-17862d1baf76]: IDLE
[debug] [2021-03-16T02:38:35.415Z] [work-queue] {"queueLength":0,"workRunningCount":0}
[debug] [2021-03-16T02:39:05.387Z] [work-queue] {"queueLength":1,"workRunningCount":0}
[debug] [2021-03-16T02:39:05.387Z] [work-queue] {"queueLength":0,"workRunningCount":1}
[debug] [2021-03-16T02:39:05.388Z] Accepted request GET /character-sheets-api/us-central1/app/cthulhu/sheet/get?id=1615861946890 --> app
[debug] [2021-03-16T02:39:05.389Z] [worker-pool] submitWork(triggerId=app)
[debug] [2021-03-16T02:39:05.389Z] [worker-app-f0e56026-4b73-4493-8e1d-17862d1baf76]: Assigning socketPath: /var/folders/6m/mkvcf29s4cv2p9l5j4sxjzwh0000gn/T/fire_emu_78297.sock
[debug] [2021-03-16T02:39:05.389Z] [worker-app-f0e56026-4b73-4493-8e1d-17862d1baf76]: BUSY
[debug] [2021-03-16T02:39:05.396Z] [runtime-status] [78297] Trigger "app" has been found, beginning invocation!
[info] i  functions: Beginning execution of "app"
[debug] [2021-03-16T02:39:05.396Z] [runtime-status] [78297] triggerDefinition {"httpsTrigger":{},"name":"app","entryPoint":"app"}
[debug] [2021-03-16T02:39:05.396Z] [runtime-status] [78297] Running app in mode HTTPS
[debug] [2021-03-16T02:39:05.403Z] [runtime-status] [78297] Attempting to listen to socketPath: /var/folders/6m/mkvcf29s4cv2p9l5j4sxjzwh0000gn/T/fire_emu_78297.sock
[debug] [2021-03-16T02:39:05.411Z] [functions] Runtime ready! Sending request!
[debug] [2021-03-16T02:39:05.419Z] [runtime-status] [78297] Ephemeral server handling GET request
[debug] [2021-03-16T02:39:05.419Z] [runtime-status] [78297] Ephemeral server survived.
[info] >  Requested character of:  1615861946890  id
[info] i  functions: Finished "app" in ~1s
[debug] [2021-03-16T02:39:05.521Z] [worker-app-f0e56026-4b73-4493-8e1d-17862d1baf76]: IDLE
[debug] [2021-03-16T02:39:05.521Z] [work-queue] {"queueLength":0,"workRunningCount":0}
